<?xml version="1.0" encoding="utf-8"?>
<LinearLayout xmlns:android="http://schemas.android.com/apk/res/android"
    xmlns:app="http://schemas.android.com/apk/res-auto"
    android:layout_width="match_parent"
    android:layout_height="match_parent"
    android:orientation="vertical"
    android:padding="16dp"
    android:background="@color/colorBackground">


    <LinearLayout
        android:layout_width="match_parent"
        android:layout_height="703dp"
        android:orientation="vertical"
        android:weightSum="4">

        <TextView
            android:layout_width="match_parent"
            android:layout_height="wrap_content"
            android:layout_gravity="bottom"
            android:layout_marginBottom="24dp"
            android:fontFamily="@font/sen_regular"
            android:gravity="start|center_vertical"
            android:text="Choose the test result"
            android:textColor="#C70000"
            android:textSize="15sp"
            android:textStyle="bold" />

        <LinearLayout
            android:layout_width="match_parent"
            android:layout_height="0dp"
            android:layout_weight="1"
            android:gravity="center"
            android:orientation="horizontal">

            <LinearLayout
                android:layout_width="0dp"
                android:layout_height="wrap_content"
                android:layout_weight="1"
                android:gravity="center">

                <TextView
                    android:layout_width="wrap_content"
                    android:layout_height="wrap_content"
                    android:layout_gravity="bottom"
                    android:background="@drawable/shape_circle_unselected"
                    android:fontFamily="@font/sen_regular"
                    android:gravity="center"
                    android:text="1"
                    android:textColor="#F73859"
                    android:textSize="17sp" />

                <RelativeLayout
                    android:layout_width="wrap_content"
                    android:layout_height="wrap_content">

                    <ImageView
                        android:layout_width="match_parent"
                        android:layout_height="match_parent"
                        android:layout_marginHorizontal="40dp"
                        android:layout_marginVertical="50dp"
                        android:src="@drawable/rounded_regtangle" />

                    <ImageView
                        android:layout_width="wrap_content"
                        android:layout_height="wrap_content"
                        android:layout_marginHorizontal="50dp"
                        android:elevation="12dp"
                        android:src="@drawable/test1"
                        app:layout_constraintEnd_toEndOf="parent"
                        app:layout_constraintStart_toStartOf="parent"
                        app:layout_constraintTop_toTopOf="parent" />

                </RelativeLayout>

            </LinearLayout>

            <LinearLayout
                android:layout_width="0dp"
                android:layout_height="wrap_content"
                android:layout_weight="1"
                android:gravity="center">

                <TextView
                    android:layout_width="wrap_content"
                    android:layout_height="wrap_content"
                    android:layout_gravity="bottom"
                    android:background="@drawable/shape_circle"
                    android:fontFamily="@font/sen_regular"
                    android:gravity="center"
                    android:text="2"
                    android:textColor="@android:color/white"
                    android:textSize="17sp" />

                <RelativeLayout
                    android:layout_width="wrap_content"
                    android:layout_height="wrap_content">

                    <ImageView
                        android:layout_width="match_parent"
                        android:layout_height="match_parent"
                        android:layout_marginHorizontal="30dp"
                        android:layout_marginVertical="25dp"
                        android:src="@drawable/rounded_regtangle" />

                    <ImageView
                        android:layout_width="wrap_content"
                        android:layout_height="wrap_content"
                        android:layout_marginHorizontal="50dp"
                        android:elevation="12dp"
                        android:src="@drawable/test2"
                        app:layout_constraintEnd_toEndOf="parent"
                        app:layout_constraintStart_toStartOf="parent"
                        app:layout_constraintTop_toTopOf="parent" />

                </RelativeLayout>

            </LinearLayout>

        </LinearLayout>

        <LinearLayout
            android:layout_width="match_parent"
            android:layout_height="0dp"
            android:layout_weight="1"
            android:gravity="center"
            android:orientation="horizontal">

            <LinearLayout
                android:layout_width="0dp"
                android:layout_height="wrap_content"
                android:layout_weight="1"
                android:gravity="center">

                <TextView
                    android:layout_width="wrap_content"
                    android:layout_height="wrap_content"
                    android:layout_gravity="bottom"
                    android:background="@drawable/shape_circle"
                    android:fontFamily="@font/sen_regular"
                    android:gravity="center"
                    android:text="3"
                    android:textColor="@android:color/white"
                    android:textSize="17sp" />

                <RelativeLayout
                    android:layout_width="wrap_content"
                    android:layout_height="wrap_content">

                    <ImageView
                        android:layout_width="match_parent"
                        android:layout_height="match_parent"
                        android:layout_marginHorizontal="30dp"
                        android:layout_marginVertical="25dp"
                        android:src="@drawable/rounded_regtangle" />

                    <ImageView
                        android:layout_width="wrap_content"
                        android:layout_height="wrap_content"
                        android:layout_marginHorizontal="50dp"
                        android:elevation="12dp"
                        android:src="@drawable/test3"
                        app:layout_constraintEnd_toEndOf="parent"
                        app:layout_constraintStart_toStartOf="parent"
                        app:layout_constraintTop_toTopOf="parent" />


                </RelativeLayout>

            </LinearLayout>

            <LinearLayout
                android:layout_width="0dp"
                android:layout_height="wrap_content"
                android:layout_weight="1"
                android:gravity="center">

                <TextView
                    android:layout_width="wrap_content"
                    android:layout_height="wrap_content"
                    android:layout_gravity="bottom"
                    android:background="@drawable/shape_circle"
                    android:fontFamily="@font/sen_regular"
                    android:gravity="center"
                    android:text="4"
                    android:textColor="@android:color/white"
                    android:textSize="17sp" />

                <RelativeLayout
                    android:layout_width="wrap_content"
                    android:layout_height="wrap_content">

                    <ImageView
                        android:layout_width="match_parent"
                        android:layout_height="match_parent"
                        android:layout_marginHorizontal="30dp"
                        android:layout_marginVertical="25dp"
                        android:src="@drawable/rounded_regtangle" />

                    <ImageView
                        android:layout_width="wrap_content"
                        android:layout_height="wrap_content"
                        android:layout_marginHorizontal="50dp"
                        android:elevation="12dp"
                        android:src="@drawable/test4"
                        app:layout_constraintEnd_toEndOf="parent"
                        app:layout_constraintStart_toStartOf="parent"
                        app:layout_constraintTop_toTopOf="parent" />


                </RelativeLayout>

            </LinearLayout>

        </LinearLayout>

    </LinearLayout>

        <RelativeLayout
            android:layout_width="match_parent"
            android:layout_height="wrap_content"
            android:layout_alignParentBottom="true">

            <Button
                android:layout_width="wrap_content"
                android:layout_height="wrap_content"
                android:background="#00000000"
                android:fontFamily="@font/sen_regular"
                android:text="Back"
                android:textColor="#88000000"
                android:textSize="17sp" />

            <Button
                android:layout_width="wrap_content"
                android:layout_height="wrap_content"
                android:layout_alignParentEnd="true"
                android:background="@drawable/gender_selector"
                android:fontFamily="@font/sen_regular"
                android:paddingHorizontal="32dp"
                android:text="Next"
                android:textColor="@android:color/white"
                android:textSize="16sp"
                android:layout_alignParentRight="true" />

        </RelativeLayout>


</LinearLayout>